<?xml version="1.0" encoding="UTF-8"?>
<!-- Generated by org.testng.reporters.JUnitXMLReporter -->
<testsuite ignored="0" hostname="DESKTOP-EVUVHLP" failures="0" tests="3" name="Default test" time="0.269" errors="0" timestamp="2023-11-09T02:05:58 IST">
  <testcase classname="ForPractice_String.SecondSetPractice_String_Program.StringConvert" name="convertCharToString" time="0.022"/>
  <testcase classname="ForPractice_String.SecondSetPractice_String_Program.StringConvert" name="convertIntToString" time="0.028"/>
  <testcase classname="ForPractice_String.SecondSetPractice_String_Program.StringConvert" name="convertStringToInt" time="0.013"/>
</testsuite> <!-- Default test -->
