<?xml version="1.0" encoding="UTF-8"?>
<!-- Generated by org.testng.reporters.JUnitXMLReporter -->
<testsuite ignored="0" hostname="DESKTOP-EVUVHLP" failures="0" tests="3" name="Default test" time="0.145" errors="0" timestamp="2023-08-20T01:22:55 IST">
  <testcase classname="ForPractice_TestScript.DataDrivenFramework" name="verifyLoginDetails" time="0.015"/>
  <testcase classname="ForPractice_TestScript.DataDrivenFramework" name="verifyLoginDetails" time="0.005"/>
  <testcase classname="ForPractice_TestScript.DataDrivenFramework" name="verifyLoginDetails" time="0.004"/>
</testsuite> <!-- Default test -->
