<?xml version="1.0" encoding="UTF-8"?>
<testng-results ignored="0" total="1" passed="1" failed="0" skipped="0">
  <reporter-output>
  </reporter-output>
  <suite started-at="2023-08-11T12:49:50 IST" name="Default suite" finished-at="2023-08-11T12:49:50 IST" duration-ms="179">
    <groups>
    </groups>
    <test started-at="2023-08-11T12:49:50 IST" name="Default test" finished-at="2023-08-11T12:49:50 IST" duration-ms="179">
      <class name="ForPractice_TestScript.StringDemo">
        <test-method signature="StringVerify()[pri:0, instance:ForPractice_TestScript.StringDemo@7bab3f1a]" started-at="2023-08-11T12:49:50 IST" name="StringVerify" finished-at="2023-08-11T12:49:50 IST" duration-ms="27" status="PASS">
          <reporter-output>
          </reporter-output>
        </test-method> <!-- StringVerify -->
      </class> <!-- ForPractice_TestScript.StringDemo -->
    </test> <!-- Default test -->
  </suite> <!-- Default suite -->
</testng-results>
