<?xml version="1.0" encoding="UTF-8"?>
<testng-results skipped="0" failed="0" total="1" passed="1">
  <reporter-output>
  </reporter-output>
  <suite name="Default suite" duration-ms="38" started-at="2023-07-28T20:26:07Z" finished-at="2023-07-28T20:26:07Z">
    <groups>
    </groups>
    <test name="Default test" duration-ms="38" started-at="2023-07-28T20:26:07Z" finished-at="2023-07-28T20:26:07Z">
      <class name="ForPractice_Collection_Program.Second_Collection_Program.ArrayList">
        <test-method status="PASS" signature="arraList()[pri:0, instance:ForPractice_Collection_Program.Second_Collection_Program.ArrayList@6a4f787b]" name="arraList" duration-ms="15" started-at="2023-07-29T01:56:07Z" finished-at="2023-07-29T01:56:07Z">
          <reporter-output>
          </reporter-output>
        </test-method> <!-- arraList -->
      </class> <!-- ForPractice_Collection_Program.Second_Collection_Program.ArrayList -->
    </test> <!-- Default test -->
  </suite> <!-- Default suite -->
</testng-results>
